2025-07-17 16:53:44,513 - INFO - JSON-файл hair.json успешно загружен.
2025-07-17 16:54:00,817 - INFO - Текущее состояние для chat 865043516: {'face': 'круглая (round)'}
2025-07-17 16:54:03,608 - INFO - Текущее состояние для chat 865043516: {'face': 'круглая (round)', 'hair_length': 'длинные (long)'}
2025-07-17 16:54:06,150 - INFO - Текущее состояние для chat 865043516: {'face': 'круглая (round)', 'hair_length': 'длинные (long)', 'hair_type': 'волнистые(wavy)'}
2025-07-17 16:54:07,872 - INFO - Текущее состояние для chat 865043516: {'face': 'круглая (round)', 'hair_length': 'длинные (long)', 'hair_type': 'волнистые(wavy)', 'hair_color': 'светлые (bright)'}
2025-07-17 16:54:07,943 - INFO - Изображение отправлено в чат 865043516: images/imba.png
2025-07-17 16:54:48,707 - INFO - JSON-файл hair.json успешно загружен.
2025-07-17 16:54:57,865 - INFO - Текущее состояние для chat 865043516: {'face': 'треугольная (triangle)'}
2025-07-17 16:54:59,784 - INFO - Текущее состояние для chat 865043516: {'face': 'треугольная (triangle)', 'hair_length': 'длинные (long)'}
2025-07-17 16:55:01,042 - INFO - Текущее состояние для chat 865043516: {'face': 'треугольная (triangle)', 'hair_length': 'длинные (long)', 'hair_type': 'кудрявые(curly)'}
2025-07-17 16:55:02,215 - INFO - Текущее состояние для chat 865043516: {'face': 'треугольная (triangle)', 'hair_length': 'длинные (long)', 'hair_type': 'кудрявые(curly)', 'hair_color': 'светлые (bright)'}
2025-07-17 16:55:02,289 - INFO - Изображение отправлено в чат 865043516: images/imba.png
2025-07-17 17:11:36,204 - INFO - JSON-файл hair.json успешно загружен.
2025-07-17 17:12:04,649 - INFO - Текущее состояние для chat 865043516: {'face': 'круглая (round)'}
2025-07-17 17:12:07,550 - INFO - Текущее состояние для chat 865043516: {'face': 'круглая (round)', 'hair_length': 'короткие (short)'}
2025-07-17 17:12:09,123 - INFO - Текущее состояние для chat 865043516: {'face': 'круглая (round)', 'hair_length': 'короткие (short)', 'hair_type': 'волнистые(wavy)'}
2025-07-17 17:12:16,095 - INFO - Текущее состояние для chat 865043516: {'face': 'круглая (round)', 'hair_length': 'короткие (short)', 'hair_type': 'волнистые(wavy)', 'hair_color': 'светлые (bright)'}
2025-07-17 17:12:16,290 - INFO - Изображение отправлено в чат 865043516: images/imba.png
2025-07-17 17:26:59,143 - INFO - JSON-файл hair.json успешно загружен.
2025-07-17 17:27:23,647 - INFO - Текущее состояние для chat 865043516: {'face': 'круглая (round)'}
2025-07-17 17:27:25,056 - INFO - Текущее состояние для chat 865043516: {'face': 'круглая (round)', 'hair_length': 'короткие (short)'}
2025-07-17 17:27:28,317 - INFO - Текущее состояние для chat 865043516: {'face': 'круглая (round)', 'hair_length': 'короткие (short)', 'hair_type': 'кудрявые(curly)'}
2025-07-17 17:27:29,581 - INFO - Текущее состояние для chat 865043516: {'face': 'круглая (round)', 'hair_length': 'короткие (short)', 'hair_type': 'кудрявые(curly)', 'hair_color': 'тёмные (dark)'}
2025-07-17 17:27:29,730 - INFO - Изображение отправлено в чат 865043516: images/imba.png
2025-07-17 17:32:49,370 - INFO - JSON-файл hair.json успешно загружен.
2025-07-17 17:32:49,409 - INFO - GUI приложения успешно запущено
2025-07-17 17:32:57,511 - INFO - Бот запущен и начал прослушивание сообщений...
2025-07-17 17:32:57,512 - INFO - Поток бота успешно запущен из GUI
2025-07-17 17:33:11,930 - INFO - Получена команда /start от 865043516 | Пользователь: goddddda | Имя: goddddd
2025-07-17 17:33:12,186 - INFO - Отправлено фото: assets/1.jpg с опциями: ['овальная (oval)', 'круглая (round)', 'прямоугольная (rectangle)', 'квадратная (square)', 'треугольная (triangle)', 'ромбовидная (diamond)'] для chat_id: 865043516
2025-07-17 17:33:12,186 - INFO - Отправлено приветственное сообщение для chat_id: 865043516
2025-07-17 17:33:23,646 - INFO - Получен callback: face_квадратная (square) от 865043516 | Сообщение ID: 150
2025-07-17 17:33:23,646 - INFO - Переход к параметру: hair_length | Вариантов: 2
2025-07-17 17:33:23,958 - INFO - Отправлено фото: assets/2.jpg с опциями: ['короткие (short)', 'длинные (long)'] для chat_id: 865043516
2025-07-17 17:33:38,340 - INFO - Получен callback: hair_length_длинные (long) от 865043516 | Сообщение ID: 151
2025-07-17 17:33:38,341 - INFO - Переход к параметру: hair_type | Вариантов: 3
2025-07-17 17:33:38,418 - INFO - Отправлено фото: assets/3.jpg с опциями: ['прямые (straight)', 'волнистые(wavy)', 'кудрявые(curly)'] для chat_id: 865043516
2025-07-17 17:34:31,956 - INFO - Получен callback: hair_type_прямые (straight) от 865043516 | Сообщение ID: 152
2025-07-17 17:34:31,956 - INFO - Переход к параметру: hair_color | Вариантов: 2
2025-07-17 17:34:32,027 - INFO - Отправлено фото: assets/4.jpg с опциями: ['тёмные (dark)', 'светлые (bright)'] для chat_id: 865043516
2025-07-17 17:34:39,559 - INFO - Получен callback: hair_color_светлые (bright) от 865043516 | Сообщение ID: 153
2025-07-17 17:34:39,559 - INFO - Все параметры выбраны для chat_id 865043516: {'face': 'квадратная (square)', 'hair_length': 'длинные (long)', 'hair_type': 'прямые (straight)', 'hair_color': 'светлые (bright)'}
2025-07-17 17:34:39,560 - INFO - Найдено изображений: 15 | Параметры: {'face': 'квадратная (square)', 'hair_length': 'длинные (long)', 'hair_type': 'прямые (straight)', 'hair_color': 'светлые (bright)'}
2025-07-17 17:34:39,636 - INFO - Изображение отправлено в чат 865043516: images/imba.png
2025-07-17 17:34:57,889 - INFO - Инициирована остановка бота...
2025-07-17 17:34:59,607 - INFO - Работа бота завершена
2025-07-17 17:34:59,608 - INFO - Бот успешно остановлен
2025-07-17 17:35:47,492 - INFO - Запрошено закрытие приложения...
2025-07-17 17:35:47,498 - INFO - Приложение закрыто
2025-07-17 17:36:23,615 - INFO - JSON-файл hair.json успешно загружен.
2025-07-17 17:36:23,653 - INFO - GUI приложения успешно запущено
2025-07-17 17:36:24,974 - INFO - Бот запущен и начал прослушивание сообщений...
2025-07-17 17:36:24,975 - INFO - Поток бота успешно запущен из GUI
2025-07-17 17:36:25,792 - INFO - Инициирована остановка бота...
2025-07-17 17:36:30,806 - WARNING - Поток бота не завершился вовремя
2025-07-17 17:36:30,806 - INFO - Бот успешно остановлен
2025-07-17 17:36:36,295 - INFO - Запрошено закрытие приложения...
2025-07-17 17:36:36,295 - INFO - Останавливаю работу бота...
2025-07-17 17:36:39,306 - INFO - Приложение закрыто
2025-07-17 17:37:02,887 - INFO - JSON-файл hair.json успешно загружен.
2025-07-17 17:37:38,320 - INFO - Текущее состояние для chat 865043516: {'face': 'овальная (oval)'}
2025-07-17 17:37:40,014 - INFO - Текущее состояние для chat 865043516: {'face': 'овальная (oval)', 'hair_length': 'длинные (long)'}
2025-07-17 17:37:42,057 - INFO - Текущее состояние для chat 865043516: {'face': 'овальная (oval)', 'hair_length': 'длинные (long)', 'hair_type': 'волнистые(wavy)'}
2025-07-17 17:37:43,472 - INFO - Текущее состояние для chat 865043516: {'face': 'овальная (oval)', 'hair_length': 'длинные (long)', 'hair_type': 'волнистые(wavy)', 'hair_color': 'тёмные (dark)'}
2025-07-17 17:37:43,553 - INFO - Изображение отправлено в чат 865043516: images/imba.png
2025-07-17 17:49:32,954 - INFO - JSON-файл hair.json успешно загружен.
2025-07-17 17:50:10,091 - WARNING - Поток бота не завершился корректно
2025-07-17 17:50:37,501 - INFO - JSON-файл hair.json успешно загружен.
2025-07-17 17:50:37,539 - INFO - GUI приложения успешно запущено
2025-07-17 17:50:41,879 - INFO - Бот запущен и начал прослушивание сообщений...
2025-07-17 17:50:41,880 - INFO - Поток бота успешно запущен из GUI
2025-07-17 17:50:45,307 - INFO - Инициирована остановка бота...
2025-07-17 17:50:50,312 - WARNING - Поток бота не завершился вовремя
2025-07-17 17:50:50,312 - INFO - Бот успешно остановлен
2025-07-17 17:50:52,707 - INFO - Запрошено закрытие приложения...
2025-07-17 17:50:52,707 - INFO - Останавливаю работу бота...
2025-07-17 17:50:55,728 - INFO - Приложение закрыто
2025-07-17 17:51:19,896 - INFO - JSON-файл hair.json успешно загружен.
2025-07-17 17:52:04,301 - INFO - JSON-файл hair.json успешно загружен.
2025-07-17 17:52:09,412 - INFO - JSON-файл hair.json успешно загружен.
2025-07-17 17:55:15,475 - INFO - JSON-файл hair.json успешно загружен.
2025-07-17 17:56:21,010 - INFO - Текущее состояние для chat 865043516: {'face': 'прямоугольная (rectangle)'}
2025-07-17 17:56:22,961 - INFO - Текущее состояние для chat 865043516: {'face': 'прямоугольная (rectangle)', 'hair_length': 'короткие (short)'}
2025-07-17 17:56:23,999 - INFO - Текущее состояние для chat 865043516: {'face': 'прямоугольная (rectangle)', 'hair_length': 'короткие (short)', 'hair_type': 'прямые (straight)'}
2025-07-17 17:56:25,373 - INFO - Текущее состояние для chat 865043516: {'face': 'прямоугольная (rectangle)', 'hair_length': 'короткие (short)', 'hair_type': 'прямые (straight)', 'hair_color': 'тёмные (dark)'}
2025-07-17 17:56:25,505 - INFO - Изображение отправлено в чат 865043516: images/imba.png
2025-07-17 17:56:37,462 - INFO - Останавливаем бота...
2025-07-17 17:56:37,462 - INFO - Ожидаем завершение потока...
2025-07-17 17:56:40,462 - WARNING - Поток не завершился вовремя!
2025-07-17 17:56:40,468 - INFO - Приложение закрыто
2025-07-17 17:56:45,421 - INFO - Поток бота завершен
2025-07-17 17:56:48,960 - INFO - JSON-файл hair.json успешно загружен.
2025-07-17 17:57:10,832 - INFO - Текущее состояние для chat 865043516: {'face': 'круглая (round)'}
2025-07-17 17:57:15,866 - INFO - Текущее состояние для chat 865043516: {'face': 'круглая (round)', 'hair_length': 'короткие (short)'}
2025-07-17 17:57:15,866 - INFO - Поток бота завершен
2025-07-17 17:57:30,584 - INFO - Текущее состояние для chat 865043516: {'face': 'круглая (round)', 'hair_length': 'короткие (short)', 'hair_type': 'волнистые(wavy)'}
2025-07-17 17:57:44,343 - INFO - Текущее состояние для chat 865043516: {'face': 'круглая (round)', 'hair_length': 'короткие (short)', 'hair_type': 'волнистые(wavy)', 'hair_color': 'светлые (bright)'}
2025-07-17 17:57:44,343 - INFO - Поток бота завершен
2025-07-17 17:57:44,429 - INFO - Изображение отправлено в чат 865043516: images/imba.png
2025-07-17 17:58:14,857 - INFO - Текущее состояние для chat 865043516: {'face': 'квадратная (square)'}
2025-07-17 17:58:21,026 - INFO - Текущее состояние для chat 865043516: {'face': 'квадратная (square)', 'hair_length': 'короткие (short)'}
2025-07-17 17:58:21,026 - INFO - Поток бота завершен
2025-07-17 17:58:41,426 - INFO - Текущее состояние для chat 865043516: {'face': 'квадратная (square)', 'hair_length': 'короткие (short)', 'hair_type': 'прямые (straight)'}
2025-07-17 17:58:49,619 - INFO - Останавливаем бота...
2025-07-17 17:58:49,619 - INFO - Ожидаем завершение потока...
2025-07-17 17:58:52,631 - WARNING - Поток не завершился вовремя!
2025-07-17 17:58:52,636 - INFO - Приложение закрыто
2025-07-17 17:58:55,321 - INFO - Текущее состояние для chat 865043516: {'face': 'квадратная (square)', 'hair_length': 'короткие (short)', 'hair_type': 'прямые (straight)', 'hair_color': 'тёмные (dark)'}
2025-07-17 17:58:55,322 - INFO - Поток бота завершен
2025-07-17 17:59:07,243 - INFO - JSON-файл hair.json успешно загружен.
2025-07-17 17:59:09,377 - INFO - Текущее состояние для chat 865043516: {'hair_color': 'тёмные (dark)'}
2025-07-17 17:59:09,379 - ERROR - Ошибка при запуске бота: 'face'
2025-07-17 17:59:09,379 - INFO - Поток бота завершен
2025-07-17 17:59:19,030 - INFO - Текущее состояние для chat 865043516: {'hair_color': 'светлые (bright)'}
2025-07-17 17:59:53,740 - ERROR - Ошибка при запуске бота: 'face'
2025-07-17 17:59:53,741 - INFO - Поток бота завершен
2025-07-17 18:00:02,587 - INFO - Приложение закрыто
2025-07-17 18:00:04,300 - INFO - JSON-файл hair.json успешно загружен.
2025-07-17 18:00:07,410 - INFO - Текущее состояние для chat 865043516: {'face': 'овальная (oval)'}
2025-07-17 18:00:10,462 - INFO - Текущее состояние для chat 865043516: {'face': 'овальная (oval)', 'hair_length': 'длинные (long)'}
2025-07-17 18:00:12,235 - INFO - Текущее состояние для chat 865043516: {'face': 'овальная (oval)', 'hair_length': 'длинные (long)', 'hair_type': 'прямые (straight)'}
2025-07-17 18:00:13,544 - INFO - Текущее состояние для chat 865043516: {'face': 'овальная (oval)', 'hair_length': 'длинные (long)', 'hair_type': 'прямые (straight)', 'hair_color': 'тёмные (dark)'}
2025-07-17 18:00:13,671 - INFO - Изображение отправлено в чат 865043516: images/imba.png
2025-07-17 18:00:27,149 - INFO - Текущее состояние для chat 865043516: {'face': 'овальная (oval)'}
2025-07-17 18:00:29,158 - INFO - Останавливаем бота...
2025-07-17 18:00:29,158 - INFO - Ожидаем завершение потока...
2025-07-17 18:00:32,162 - WARNING - Поток не завершился вовремя!
2025-07-17 18:00:32,168 - INFO - Приложение закрыто
2025-07-17 18:00:32,736 - INFO - Текущее состояние для chat 865043516: {'face': 'овальная (oval)', 'hair_length': 'короткие (short)'}
2025-07-17 18:00:32,736 - INFO - Поток бота завершен
2025-07-17 18:00:35,736 - INFO - JSON-файл hair.json успешно загружен.
2025-07-17 18:00:37,996 - INFO - Текущее состояние для chat 865043516: {'hair_length': 'короткие (short)'}
2025-07-17 18:00:51,440 - INFO - Текущее состояние для chat 865043516: {'hair_length': 'длинные (long)'}
2025-07-17 18:00:54,132 - INFO - Текущее состояние для chat 865043516: {'hair_length': 'короткие (short)'}
2025-07-17 18:00:57,465 - INFO - Текущее состояние для chat 865043516: {'hair_length': 'длинные (long)'}
2025-07-17 18:01:05,192 - INFO - Текущее состояние для chat 865043516: {'face': 'треугольная (triangle)'}
2025-07-17 18:01:06,504 - INFO - Текущее состояние для chat 865043516: {'face': 'треугольная (triangle)', 'hair_length': 'длинные (long)'}
2025-07-17 18:01:07,665 - INFO - Текущее состояние для chat 865043516: {'face': 'треугольная (triangle)', 'hair_length': 'длинные (long)', 'hair_type': 'кудрявые(curly)'}
2025-07-17 18:01:09,663 - INFO - Текущее состояние для chat 865043516: {'face': 'треугольная (triangle)', 'hair_length': 'длинные (long)', 'hair_type': 'кудрявые(curly)', 'hair_color': 'тёмные (dark)'}
2025-07-17 18:01:09,806 - INFO - Изображение отправлено в чат 865043516: images/imba.png
2025-07-17 18:01:16,015 - INFO - Текущее состояние для chat 865043516: {'face': 'овальная (oval)'}
2025-07-17 18:01:19,461 - INFO - Текущее состояние для chat 865043516: {'face': 'овальная (oval)', 'hair_length': 'короткие (short)'}
2025-07-17 18:01:21,068 - INFO - Останавливаем бота...
2025-07-17 18:01:21,068 - INFO - Ожидаем завершение потока...
2025-07-17 18:01:24,071 - WARNING - Поток не завершился вовремя!
2025-07-17 18:01:24,076 - INFO - Приложение закрыто
2025-07-17 18:01:24,124 - INFO - Текущее состояние для chat 865043516: {'face': 'овальная (oval)', 'hair_length': 'короткие (short)', 'hair_type': 'прямые (straight)'}
2025-07-17 18:01:24,124 - INFO - Поток бота завершен
2025-07-17 18:01:25,979 - INFO - JSON-файл hair.json успешно загружен.
2025-07-17 18:01:27,528 - INFO - Текущее состояние для chat 865043516: {'hair_type': 'прямые (straight)'}
2025-07-17 18:01:31,185 - INFO - Текущее состояние для chat 865043516: {'hair_type': 'прямые (straight)'}
2025-07-17 18:01:34,623 - INFO - Текущее состояние для chat 865043516: {'hair_type': 'волнистые(wavy)'}
2025-07-17 18:01:35,979 - INFO - Текущее состояние для chat 865043516: {'hair_type': 'кудрявые(curly)'}
2025-07-17 18:01:56,613 - INFO - Текущее состояние для chat 865043516: {'hair_type': 'кудрявые(curly)'}
2025-07-17 18:01:58,945 - INFO - Текущее состояние для chat 865043516: {'hair_type': 'кудрявые(curly)'}
2025-07-17 18:01:59,381 - INFO - Текущее состояние для chat 865043516: {'hair_type': 'кудрявые(curly)'}
2025-07-17 18:02:24,164 - INFO - Текущее состояние для chat 865043516: {'face': 'овальная (oval)'}
2025-07-17 18:02:25,598 - INFO - Текущее состояние для chat 865043516: {'face': 'овальная (oval)', 'hair_length': 'длинные (long)'}
2025-07-17 18:02:34,307 - INFO - Текущее состояние для chat 865043516: {'face': 'овальная (oval)', 'hair_length': 'длинные (long)', 'hair_type': 'волнистые(wavy)'}
2025-07-17 18:02:36,316 - INFO - Текущее состояние для chat 865043516: {'face': 'овальная (oval)', 'hair_length': 'длинные (long)', 'hair_type': 'волнистые(wavy)', 'hair_color': 'светлые (bright)'}
2025-07-17 18:02:36,482 - INFO - Изображение отправлено в чат 865043516: images/imba.png
2025-07-17 18:02:51,570 - INFO - Текущее состояние для chat 865043516: {'face': 'треугольная (triangle)'}
2025-07-17 18:02:56,699 - INFO - Текущее состояние для chat 865043516: {'face': 'треугольная (triangle)', 'hair_length': 'короткие (short)'}
2025-07-17 18:02:56,699 - INFO - Поток бота завершен
2025-07-17 18:03:02,403 - INFO - Текущее состояние для chat 865043516: {'face': 'треугольная (triangle)', 'hair_length': 'короткие (short)', 'hair_type': 'волнистые(wavy)'}
2025-07-17 18:03:04,888 - INFO - Текущее состояние для chat 865043516: {'face': 'треугольная (triangle)', 'hair_length': 'короткие (short)', 'hair_type': 'волнистые(wavy)', 'hair_color': 'тёмные (dark)'}
2025-07-17 18:03:04,997 - INFO - Изображение отправлено в чат 865043516: images/imba.png
2025-07-17 18:06:45,406 - INFO - Поток бота завершен
2025-07-17 18:07:10,637 - INFO - Текущее состояние для chat 865043516: {'face': 'прямоугольная (rectangle)'}
2025-07-17 18:07:30,684 - INFO - Поток бота завершен
2025-07-17 18:07:35,370 - INFO - Текущее состояние для chat 865043516: {'face': 'прямоугольная (rectangle)', 'hair_length': 'длинные (long)'}
2025-07-17 18:07:46,026 - INFO - Останавливаем бота...
2025-07-17 18:07:46,026 - INFO - Ожидаем завершение потока...
2025-07-17 18:07:49,037 - WARNING - Поток не завершился вовремя!
2025-07-17 18:07:49,041 - INFO - Приложение закрыто
2025-07-17 18:07:55,419 - INFO - Поток бота завершен
2025-07-17 18:11:08,357 - INFO - JSON-файл hair.json успешно загружен.
2025-07-17 18:11:10,673 - INFO - Запуск бота...
2025-07-17 18:11:10,673 - INFO - Бот начал работу
2025-07-17 18:11:14,148 - INFO - Текущее состояние для chat 865043516: {'hair_type': 'волнистые(wavy)'}
2025-07-17 18:11:58,174 - INFO - Останавливаем бота...
2025-07-17 18:11:58,174 - INFO - Ожидаем завершение потока...
2025-07-17 18:12:01,180 - WARNING - Поток не завершился вовремя!
2025-07-17 18:12:01,184 - INFO - Приложение закрыто
2025-07-17 18:12:14,295 - INFO - Поток бота завершен
2025-07-17 18:15:46,520 - INFO - JSON-файл hair.json успешно загружен.
2025-07-17 18:15:47,960 - INFO - Запуск бота...
2025-07-17 18:15:47,961 - INFO - Бот начал работу
2025-07-17 18:16:44,262 - INFO - Поток бота завершен
2025-07-17 18:16:49,006 - INFO - Запуск бота...
2025-07-17 18:16:49,006 - INFO - Бот начал работу
2025-07-17 18:17:12,432 - INFO - Останавливаем бота...
2025-07-17 18:17:12,432 - INFO - Ожидаем завершение потока...
2025-07-17 18:17:15,438 - WARNING - Поток не завершился вовремя!
2025-07-17 18:17:15,441 - INFO - Приложение закрыто
2025-07-17 18:17:27,672 - INFO - Поток бота завершен
2025-07-17 18:17:31,268 - INFO - JSON-файл hair.json успешно загружен.
2025-07-17 18:17:33,006 - INFO - Запуск бота...
2025-07-17 18:17:33,007 - INFO - Бот начал работу
2025-07-17 18:18:04,994 - INFO - Останавливаем бота...
2025-07-17 18:18:04,994 - INFO - Ожидаем завершение потока...
2025-07-17 18:18:07,995 - WARNING - Поток не завершился вовремя!
2025-07-17 18:18:07,996 - INFO - Приложение закрыто
2025-07-17 18:18:16,011 - INFO - Поток бота завершен
2025-07-17 18:19:12,418 - INFO - JSON-файл hair.json успешно загружен.
2025-07-17 18:19:18,770 - INFO - Текущее состояние для chat 865043516: {'face': 'треугольная (triangle)'}
2025-07-17 18:19:20,306 - INFO - Текущее состояние для chat 865043516: {'face': 'треугольная (triangle)', 'hair_length': 'короткие (short)'}
2025-07-17 18:19:46,757 - INFO - JSON-файл hair.json успешно загружен.
2025-07-17 18:19:48,708 - INFO - Запуск бота...
2025-07-17 18:19:48,709 - INFO - Бот начал работу
2025-07-17 18:19:50,683 - INFO - Остановка бота...
2025-07-17 18:20:19,667 - INFO - Текущее состояние для chat 865043516: {'hair_type': 'волнистые(wavy)'}
2025-07-17 18:20:23,427 - INFO - Текущее состояние для chat 865043516: {'hair_type': 'кудрявые(curly)'}
2025-07-17 18:20:25,727 - INFO - Текущее состояние для chat 865043516: {'hair_type': 'волнистые(wavy)'}
2025-07-17 18:20:26,996 - INFO - Текущее состояние для chat 865043516: {'hair_type': 'волнистые(wavy)'}
2025-07-17 18:20:28,565 - INFO - Текущее состояние для chat 865043516: {'hair_type': 'кудрявые(curly)'}
2025-07-17 18:20:46,569 - INFO - Получен сигнал закрытия приложения
2025-07-17 18:20:46,569 - INFO - Останавливаем бота...
2025-07-17 18:20:46,569 - INFO - Ожидаем завершение потока...
2025-07-17 18:20:48,613 - INFO - Поток бота завершен
2025-07-17 18:20:48,619 - INFO - Приложение закрыто
2025-07-17 18:20:50,836 - INFO - JSON-файл hair.json успешно загружен.
2025-07-17 18:20:52,412 - INFO - Запуск бота...
2025-07-17 18:20:52,412 - INFO - Бот начал работу
2025-07-17 18:21:01,363 - INFO - Текущее состояние для chat 865043516: {'face': 'овальная (oval)'}
2025-07-17 18:21:03,035 - INFO - Текущее состояние для chat 865043516: {'face': 'овальная (oval)', 'hair_length': 'короткие (short)'}
2025-07-17 18:21:04,837 - INFO - Остановка бота...
2025-07-17 18:21:09,524 - INFO - Текущее состояние для chat 865043516: {'face': 'овальная (oval)', 'hair_length': 'короткие (short)', 'hair_type': 'прямые (straight)'}
2025-07-17 18:21:09,525 - INFO - Поток бота завершен
2025-07-17 18:21:16,211 - INFO - Запуск бота...
2025-07-17 18:21:16,212 - INFO - Бот начал работу
2025-07-17 18:21:16,531 - INFO - Текущее состояние для chat 865043516: {'face': 'овальная (oval)', 'hair_length': 'короткие (short)', 'hair_type': 'прямые (straight)', 'hair_color': 'тёмные (dark)'}
2025-07-17 18:21:16,727 - INFO - Изображение отправлено в чат 865043516: images/imba.png
2025-07-17 18:21:23,587 - INFO - Остановка бота...
2025-07-17 18:21:24,093 - INFO - Поток бота завершен
2025-07-17 18:21:24,093 - INFO - Текущее состояние для chat 865043516: {'face': 'квадратная (square)'}
2025-07-17 18:21:31,801 - INFO - Запуск бота...
2025-07-17 18:21:31,801 - INFO - Бот начал работу
2025-07-17 18:21:32,121 - INFO - Текущее состояние для chat 865043516: {'face': 'квадратная (square)', 'hair_length': 'короткие (short)'}
2025-07-17 18:21:36,824 - INFO - Остановка бота...
2025-07-17 18:21:38,618 - INFO - Текущее состояние для chat 865043516: {'face': 'квадратная (square)', 'hair_length': 'короткие (short)', 'hair_type': 'волнистые(wavy)'}
2025-07-17 18:21:38,618 - INFO - Поток бота завершен
2025-07-17 18:22:35,688 - INFO - Запуск бота...
2025-07-17 18:22:35,689 - INFO - Бот начал работу
2025-07-17 18:22:36,007 - INFO - Текущее состояние для chat 865043516: {'face': 'квадратная (square)', 'hair_length': 'короткие (short)', 'hair_type': 'волнистые(wavy)', 'hair_color': 'тёмные (dark)'}
2025-07-17 18:22:36,106 - INFO - Изображение отправлено в чат 865043516: images/imba.png
2025-07-17 18:22:36,175 - ERROR - Threaded polling exception: A request to the Telegram API was unsuccessful. Error code: 400. Description: Bad Request: query is too old and response timeout expired or query ID is invalid
2025-07-17 18:22:36,175 - ERROR - Exception traceback:
Traceback (most recent call last):
  File "C:\Users\goddammit\AppData\Local\Programs\Python\Python310\lib\site-packages\telebot\__init__.py", line 1235, in __threaded_polling
    self.worker_pool.raise_exceptions()
  File "C:\Users\goddammit\AppData\Local\Programs\Python\Python310\lib\site-packages\telebot\util.py", line 150, in raise_exceptions
    raise self.exception_info
  File "C:\Users\goddammit\AppData\Local\Programs\Python\Python310\lib\site-packages\telebot\util.py", line 93, in run
    task(*args, **kwargs)
  File "C:\Users\goddammit\AppData\Local\Programs\Python\Python310\lib\site-packages\telebot\__init__.py", line 8945, in _run_middlewares_and_handler
    result = handler['function'](message)
  File "C:\Users\goddammit\Documents\GitHub\hair\bot.py", line 98, in callback_query
    bot.answer_callback_query(call.id)
  File "C:\Users\goddammit\AppData\Local\Programs\Python\Python310\lib\site-packages\telebot\__init__.py", line 5912, in answer_callback_query
    return apihelper.answer_callback_query(
  File "C:\Users\goddammit\AppData\Local\Programs\Python\Python310\lib\site-packages\telebot\apihelper.py", line 1800, in answer_callback_query
    return _make_request(token, method_url, params=payload, method='post')
  File "C:\Users\goddammit\AppData\Local\Programs\Python\Python310\lib\site-packages\telebot\apihelper.py", line 168, in _make_request
    json_result = _check_result(method_name, result)
  File "C:\Users\goddammit\AppData\Local\Programs\Python\Python310\lib\site-packages\telebot\apihelper.py", line 195, in _check_result
    raise ApiTelegramException(method_name, result, result_json)
telebot.apihelper.ApiTelegramException: A request to the Telegram API was unsuccessful. Error code: 400. Description: Bad Request: query is too old and response timeout expired or query ID is invalid

2025-07-17 18:22:44,263 - INFO - Остановка бота...
2025-07-17 18:22:54,291 - INFO - Получен сигнал закрытия приложения
2025-07-17 18:22:54,291 - INFO - Останавливаем бота...
2025-07-17 18:22:54,291 - INFO - Ожидаем завершение потока...
2025-07-17 18:22:57,297 - WARNING - Поток не завершился вовремя!
2025-07-17 18:22:57,300 - INFO - Приложение закрыто
2025-07-17 18:23:16,105 - INFO - Поток бота завершен
2025-07-17 18:23:37,704 - INFO - JSON-файл hair.json успешно загружен.
2025-07-17 18:23:39,592 - INFO - Запуск бота...
2025-07-17 18:23:39,592 - INFO - Бот начал работу
2025-07-17 18:23:42,053 - INFO - Остановка бота...
2025-07-17 18:24:32,898 - INFO - Текущее состояние для chat 865043516: {'face': 'круглая (round)'}
2025-07-17 18:24:36,054 - INFO - Текущее состояние для chat 865043516: {'face': 'круглая (round)', 'hair_length': 'короткие (short)'}
2025-07-17 18:24:38,054 - INFO - Текущее состояние для chat 865043516: {'face': 'круглая (round)', 'hair_length': 'короткие (short)', 'hair_type': 'волнистые(wavy)'}
2025-07-17 18:24:40,327 - INFO - Текущее состояние для chat 865043516: {'face': 'круглая (round)', 'hair_length': 'короткие (short)', 'hair_type': 'волнистые(wavy)', 'hair_color': 'светлые (bright)'}
2025-07-17 18:24:40,684 - INFO - Изображение отправлено в чат 865043516: images/imba.png
2025-07-17 18:24:44,925 - INFO - Получен сигнал закрытия приложения
2025-07-17 18:24:44,926 - INFO - Останавливаем бота...
2025-07-17 18:24:44,926 - INFO - Ожидаем завершение потока...
2025-07-17 18:24:47,927 - WARNING - Поток не завершился вовремя!
2025-07-17 18:24:47,934 - INFO - Приложение закрыто
2025-07-17 18:25:00,373 - INFO - Поток бота завершен
2025-07-17 18:25:00,531 - INFO - JSON-файл hair.json успешно загружен.
2025-07-17 18:25:06,213 - INFO - Запуск бота...
2025-07-17 18:25:06,214 - INFO - Бот начал работу
2025-07-17 18:25:13,999 - INFO - Текущее состояние для chat 865043516: {'face': 'ромбовидная (diamond)'}
2025-07-17 18:25:17,138 - INFO - Остановка бота...
2025-07-17 18:25:34,045 - INFO - Поток бота завершен
2025-07-17 18:25:38,219 - INFO - Запуск бота...
2025-07-17 18:25:38,219 - INFO - Бот начал работу
2025-07-17 18:25:39,805 - INFO - Текущее состояние для chat 865043516: {'face': 'ромбовидная (diamond)', 'hair_length': 'длинные (long)'}
2025-07-17 18:25:42,571 - INFO - Остановка бота...
2025-07-17 18:25:43,854 - INFO - Текущее состояние для chat 865043516: {'face': 'ромбовидная (diamond)', 'hair_length': 'длинные (long)', 'hair_type': 'волнистые(wavy)'}
2025-07-17 18:25:43,854 - INFO - Поток бота завершен
2025-07-17 18:25:46,034 - INFO - Запуск бота...
2025-07-17 18:25:46,034 - INFO - Бот начал работу
2025-07-17 18:25:47,099 - INFO - Текущее состояние для chat 865043516: {'face': 'ромбовидная (diamond)', 'hair_length': 'длинные (long)', 'hair_type': 'волнистые(wavy)', 'hair_color': 'тёмные (dark)'}
2025-07-17 18:25:47,332 - INFO - Изображение отправлено в чат 865043516: images/imba.png
2025-07-17 18:25:49,808 - INFO - Остановка бота...
2025-07-17 18:26:07,145 - INFO - Поток бота завершен
2025-07-17 18:28:10,726 - INFO - Получен сигнал закрытия приложения
2025-07-17 18:28:10,730 - INFO - Приложение закрыто
2025-07-17 18:28:49,741 - INFO - JSON-файл hair.json успешно загружен.
2025-07-17 18:28:51,970 - INFO - Запуск бота...
2025-07-17 18:28:51,970 - INFO - Бот начал работу
2025-07-17 18:28:59,027 - INFO - Текущее состояние для chat 865043516: {'face': 'ромбовидная (diamond)'}
2025-07-17 18:29:03,910 - INFO - Текущее состояние для chat 865043516: {'face': 'ромбовидная (diamond)', 'hair_length': 'короткие (short)'}
2025-07-17 18:29:11,513 - INFO - Остановка бота...
2025-07-17 18:29:23,955 - INFO - Поток бота завершен
2025-07-17 18:29:25,977 - INFO - Получен сигнал закрытия приложения
2025-07-17 18:29:25,982 - INFO - Приложение закрыто
2025-07-17 18:30:13,019 - INFO - JSON-файл hair.json успешно загружен.
2025-07-17 18:30:15,091 - INFO - Запуск бота...
2025-07-17 18:30:15,091 - INFO - Бот начал работу
2025-07-17 18:30:22,409 - INFO - Текущее состояние для chat 865043516: {'face': 'треугольная (triangle)'}
2025-07-17 18:30:23,579 - INFO - Текущее состояние для chat 865043516: {'face': 'треугольная (triangle)', 'hair_length': 'короткие (short)'}
2025-07-17 18:30:25,913 - INFO - Остановка бота...
2025-07-17 18:30:43,628 - INFO - Поток бота завершен
2025-07-17 18:31:05,281 - INFO - Получен сигнал закрытия приложения
2025-07-17 18:31:05,286 - INFO - Приложение закрыто
2025-07-17 18:31:13,429 - INFO - JSON-файл hair.json успешно загружен.
2025-07-17 18:31:15,337 - INFO - Запуск бота...
2025-07-17 18:31:15,337 - INFO - Бот начал работу
2025-07-17 18:31:16,338 - INFO - Остановка бота...
2025-07-17 18:31:52,622 - INFO - Текущее состояние для chat 865043516: {'hair_type': 'кудрявые(curly)'}
2025-07-17 18:31:55,633 - INFO - Текущее состояние для chat 865043516: {'hair_type': 'волнистые(wavy)'}
2025-07-17 18:31:58,460 - INFO - Текущее состояние для chat 865043516: {'hair_type': 'прямые (straight)'}
2025-07-17 18:32:04,809 - INFO - Текущее состояние для chat 865043516: {'face': 'овальная (oval)'}
2025-07-17 18:32:06,355 - INFO - Текущее состояние для chat 865043516: {'face': 'овальная (oval)', 'hair_length': 'короткие (short)'}
2025-07-17 18:32:07,904 - INFO - Текущее состояние для chat 865043516: {'face': 'овальная (oval)', 'hair_length': 'короткие (short)', 'hair_type': 'волнистые(wavy)'}
2025-07-17 18:32:09,056 - INFO - Текущее состояние для chat 865043516: {'face': 'овальная (oval)', 'hair_length': 'короткие (short)', 'hair_type': 'волнистые(wavy)', 'hair_color': 'светлые (bright)'}
2025-07-17 18:32:09,131 - INFO - Изображение отправлено в чат 865043516: images/imba.png
2025-07-17 18:32:12,649 - INFO - Получен сигнал закрытия приложения
2025-07-17 18:32:12,649 - INFO - Останавливаем бота...
2025-07-17 18:32:12,649 - INFO - Ожидаем завершение потока...
2025-07-17 18:32:15,654 - WARNING - Поток не завершился вовремя!
2025-07-17 18:32:15,657 - INFO - Приложение закрыто
2025-07-17 18:32:29,105 - INFO - Поток бота завершен
2025-07-17 18:32:45,713 - INFO - JSON-файл hair.json успешно загружен.
2025-07-17 18:32:46,998 - INFO - Запуск бота...
2025-07-17 18:32:46,998 - INFO - Бот начал работу
2025-07-17 18:32:47,970 - INFO - Остановка бота...
2025-07-17 18:33:00,276 - INFO - Текущее состояние для chat 865043516: {'face': 'треугольная (triangle)'}
2025-07-17 18:33:03,550 - INFO - Получен сигнал закрытия приложения
2025-07-17 18:33:03,550 - INFO - Останавливаем бота...
2025-07-17 18:33:06,580 - WARNING - Принудительное завершение потока
2025-07-17 18:33:15,709 - INFO - JSON-файл hair.json успешно загружен.
2025-07-17 18:33:17,379 - INFO - Запуск бота...
2025-07-17 18:33:17,380 - INFO - Бот начал работу
2025-07-17 18:33:22,663 - INFO - Текущее состояние для chat 865043516: {'face': 'овальная (oval)'}
2025-07-17 18:33:25,364 - INFO - Остановка бота...
2025-07-17 18:33:42,715 - INFO - Поток бота завершен
2025-07-17 18:34:27,718 - INFO - Получен сигнал закрытия приложения
2025-07-17 18:34:27,722 - INFO - Приложение закрыто
2025-07-17 18:34:55,156 - INFO - JSON-файл hair.json успешно загружен.
2025-07-17 18:34:56,879 - INFO - Запуск бота...
2025-07-17 18:34:56,880 - INFO - Бот начал работу
2025-07-17 18:35:03,031 - INFO - Текущее состояние для chat 865043516: {'face': 'треугольная (triangle)'}
2025-07-17 18:35:04,350 - INFO - Остановка бота...
2025-07-17 18:35:23,083 - INFO - Поток бота завершен
2025-07-17 18:35:28,690 - INFO - Получен сигнал закрытия приложения
2025-07-17 18:35:28,695 - INFO - Приложение закрыто
2025-07-17 18:35:53,090 - INFO - JSON-файл hair.json успешно загружен.
2025-07-17 18:35:54,700 - INFO - Запуск бота...
2025-07-17 18:35:54,700 - INFO - Бот начал работу
2025-07-17 18:35:55,423 - INFO - Остановка бота...
2025-07-17 18:36:27,513 - INFO - Текущее состояние для chat 865043516: {'face': 'треугольная (triangle)'}
2025-07-17 18:36:29,934 - INFO - Текущее состояние для chat 865043516: {'face': 'треугольная (triangle)', 'hair_length': 'короткие (short)'}
2025-07-17 18:36:31,117 - INFO - Текущее состояние для chat 865043516: {'face': 'треугольная (triangle)', 'hair_length': 'короткие (short)', 'hair_type': 'волнистые(wavy)'}
2025-07-17 18:36:32,077 - INFO - Текущее состояние для chat 865043516: {'face': 'треугольная (triangle)', 'hair_length': 'короткие (short)', 'hair_type': 'волнистые(wavy)', 'hair_color': 'тёмные (dark)'}
2025-07-17 18:36:32,171 - INFO - Изображение отправлено в чат 865043516: images/imba.png
2025-07-17 18:36:39,706 - INFO - Получен сигнал закрытия приложения
2025-07-17 18:36:39,706 - INFO - Останавливаем бота...
2025-07-17 18:36:39,706 - INFO - Ожидаем завершение потока...
2025-07-17 18:36:42,718 - WARNING - Поток не завершился вовремя!
2025-07-17 18:36:42,721 - INFO - Приложение закрыто
2025-07-17 18:36:52,126 - INFO - Поток бота завершен
2025-07-17 18:39:35,784 - INFO - JSON-файл hair.json успешно загружен.
2025-07-17 18:39:37,038 - INFO - Запуск бота...
2025-07-17 18:39:37,038 - INFO - Бот начал работу
2025-07-17 18:39:38,946 - INFO - Остановка бота...
2025-07-17 18:39:49,431 - ERROR - Break infinity polling
2025-07-17 18:39:49,431 - INFO - Поток бота завершен
2025-07-17 18:40:12,878 - INFO - Запуск бота...
2025-07-17 18:40:12,878 - INFO - Бот начал работу
2025-07-17 18:40:13,044 - ERROR - Break infinity polling
2025-07-17 18:40:13,044 - INFO - Поток бота завершен
2025-07-17 18:40:17,568 - INFO - Остановка бота...
2025-07-17 18:40:20,281 - INFO - Запуск бота...
2025-07-17 18:40:20,281 - INFO - Бот начал работу
2025-07-17 18:40:20,446 - ERROR - Break infinity polling
2025-07-17 18:40:20,447 - INFO - Поток бота завершен
2025-07-17 18:40:29,898 - INFO - Получен сигнал закрытия приложения
2025-07-17 18:40:29,902 - INFO - Приложение закрыто
2025-07-17 18:40:33,491 - INFO - JSON-файл hair.json успешно загружен.
2025-07-17 18:40:35,726 - INFO - Запуск бота...
2025-07-17 18:40:35,727 - INFO - Бот начал работу
2025-07-17 18:40:38,522 - INFO - Остановка бота...
2025-07-17 18:40:40,187 - ERROR - Infinity polling: polling exited
2025-07-17 18:40:40,187 - ERROR - Break infinity polling
2025-07-17 18:40:40,188 - INFO - Поток бота завершен
2025-07-17 18:40:46,184 - INFO - Запуск бота...
2025-07-17 18:40:46,185 - INFO - Бот начал работу
2025-07-17 18:40:51,600 - ERROR - Break infinity polling
2025-07-17 18:40:51,600 - INFO - Поток бота завершен
2025-07-17 18:44:50,176 - INFO - Получен сигнал закрытия приложения
2025-07-17 18:44:50,178 - INFO - Приложение закрыто
2025-07-17 18:44:52,674 - INFO - JSON-файл hair.json успешно загружен.
2025-07-17 18:44:53,991 - INFO - Запуск бота...
2025-07-17 18:44:53,991 - INFO - Бот начал работу
2025-07-17 18:44:55,658 - INFO - Остановка бота...
2025-07-17 18:45:14,415 - INFO - Поток бота завершен
2025-07-17 18:45:34,067 - INFO - Запуск бота...
2025-07-17 18:45:34,068 - INFO - Бот начал работу
2025-07-17 18:45:36,985 - INFO - Остановка бота...
2025-07-17 18:45:42,896 - INFO - Поток бота завершен
2025-07-17 18:45:42,896 - INFO - Текущее состояние для chat 865043516: {'face': 'ромбовидная (diamond)'}
2025-07-17 18:45:49,580 - INFO - Получен сигнал закрытия приложения
2025-07-17 18:45:49,585 - INFO - Приложение закрыто
2025-07-17 18:45:56,048 - INFO - JSON-файл hair.json успешно загружен.
2025-07-17 18:45:58,095 - INFO - Запуск бота...
2025-07-17 18:45:58,096 - INFO - Бот начал работу
2025-07-17 18:45:58,458 - INFO - Текущее состояние для chat 865043516: {'hair_length': 'короткие (short)'}
2025-07-17 18:46:00,681 - INFO - Остановка бота...
2025-07-17 18:46:07,014 - INFO - Поток бота завершен
2025-07-17 18:46:13,616 - INFO - Получен сигнал закрытия приложения
2025-07-17 18:46:13,622 - INFO - Приложение закрыто
2025-07-17 18:46:15,446 - INFO - JSON-файл hair.json успешно загружен.
2025-07-17 18:46:19,187 - INFO - Запуск бота...
2025-07-17 18:46:19,188 - INFO - Бот начал работу
2025-07-17 18:46:25,893 - INFO - Остановка бота...
2025-07-17 18:46:27,324 - INFO - Текущее состояние для chat 865043516: {'face': 'круглая (round)'}
2025-07-17 18:46:27,324 - INFO - Поток бота завершен
2025-07-17 18:46:32,689 - INFO - Получен сигнал закрытия приложения
2025-07-17 18:46:32,695 - INFO - Приложение закрыто
2025-07-17 18:50:34,694 - INFO - JSON-файл hair.json успешно загружен.
2025-07-17 18:50:36,027 - INFO - Запуск бота...
2025-07-17 18:50:36,028 - INFO - Бот начал работу
2025-07-17 18:50:47,497 - INFO - Текущее состояние для chat 865043516: {'face': 'овальная (oval)'}
2025-07-17 18:50:48,962 - INFO - Текущее состояние для chat 865043516: {'face': 'овальная (oval)', 'hair_length': 'короткие (short)'}
2025-07-17 18:50:50,663 - INFO - Текущее состояние для chat 865043516: {'face': 'овальная (oval)', 'hair_length': 'короткие (short)', 'hair_type': 'волнистые(wavy)'}
2025-07-17 18:51:08,041 - INFO - Остановка бота...
2025-07-17 18:51:10,712 - INFO - Поток бота завершен
2025-07-17 18:51:10,757 - INFO - Приложение закрыто
2025-07-17 18:52:15,500 - INFO - JSON-файл hair.json успешно загружен.
2025-07-17 18:52:17,175 - INFO - Запуск бота...
2025-07-17 18:52:17,175 - INFO - Бот начал работу
2025-07-17 18:52:33,481 - INFO - Текущее состояние для chat 865043516: {'face': 'овальная (oval)'}
2025-07-17 18:52:34,740 - INFO - Текущее состояние для chat 865043516: {'face': 'овальная (oval)', 'hair_length': 'короткие (short)'}
2025-07-17 18:52:36,404 - INFO - Текущее состояние для chat 865043516: {'face': 'овальная (oval)', 'hair_length': 'короткие (short)', 'hair_type': 'волнистые(wavy)'}
2025-07-17 18:52:37,728 - INFO - Текущее состояние для chat 865043516: {'face': 'овальная (oval)', 'hair_length': 'короткие (short)', 'hair_type': 'волнистые(wavy)', 'hair_color': 'светлые (bright)'}
2025-07-17 18:52:37,850 - INFO - Изображение отправлено в чат 865043516: images/imba.png
2025-07-17 18:52:43,226 - INFO - Останавливаем бота...
2025-07-17 18:52:43,226 - INFO - Ожидаем завершение потока...
2025-07-17 18:52:46,227 - WARNING - Поток не завершился вовремя!
2025-07-17 18:52:46,230 - INFO - Приложение закрыто
2025-07-17 18:52:57,777 - INFO - Поток бота завершен
2025-07-17 19:02:02,200 - INFO - JSON-файл hair.json успешно загружен.
2025-07-17 19:02:04,451 - INFO - Запуск бота...
2025-07-17 19:02:04,452 - INFO - Бот начал работу
2025-07-17 19:02:15,688 - INFO - Текущее состояние для chat 865043516: {'face': 'квадратная (square)'}
2025-07-17 19:02:17,643 - INFO - Текущее состояние для chat 865043516: {'face': 'квадратная (square)', 'hair_length': 'короткие (short)'}
2025-07-17 19:02:18,831 - INFO - Остановка бота...
2025-07-17 19:02:18,831 - INFO - Состояния пользователей сброшены
2025-07-17 19:02:27,839 - INFO - Текущее состояние для chat 865043516: {'hair_type': 'волнистые(wavy)'}
2025-07-17 19:02:27,839 - INFO - Поток бота завершен
2025-07-17 19:02:33,868 - INFO - Запуск бота...
2025-07-17 19:02:33,868 - INFO - Бот начал работу
2025-07-17 19:02:34,167 - INFO - Текущее состояние для chat 865043516: {'hair_type': 'прямые (straight)'}
2025-07-17 19:02:36,275 - INFO - Текущее состояние для chat 865043516: {'hair_type': 'волнистые(wavy)'}
2025-07-17 19:02:37,826 - INFO - Текущее состояние для chat 865043516: {'hair_type': 'кудрявые(curly)'}
2025-07-17 19:02:44,873 - INFO - Останавливаем бота...
2025-07-17 19:02:44,873 - INFO - Состояния пользователей сброшены
2025-07-17 19:02:44,873 - INFO - Ожидаем завершение потока...
2025-07-17 19:02:47,886 - WARNING - Поток не завершился вовремя!
2025-07-17 19:02:47,891 - INFO - Приложение закрыто
2025-07-17 19:02:57,872 - INFO - Поток бота завершен
2025-07-17 19:15:13,679 - INFO - JSON-файл hair.json успешно загружен.
2025-07-17 19:15:17,265 - INFO - Запуск бота...
2025-07-17 19:15:17,266 - INFO - Бот начал работу
2025-07-17 19:15:45,000 - INFO - Остановка бота...
2025-07-17 19:15:52,542 - INFO - Поток бота завершен
2025-07-17 19:15:55,751 - INFO - Запуск бота...
2025-07-17 19:15:55,751 - INFO - Бот начал работу
2025-07-17 19:16:11,003 - INFO - Останавливаем бота...
2025-07-17 19:16:11,003 - INFO - Ожидаем завершение потока...
2025-07-17 19:16:14,009 - WARNING - Поток не завершился вовремя!
2025-07-17 19:16:14,015 - INFO - Приложение закрыто
2025-07-17 19:16:25,710 - INFO - Поток бота завершен
2025-07-17 19:16:27,232 - INFO - JSON-файл hair.json успешно загружен.
2025-07-17 19:16:28,768 - INFO - Запуск бота...
2025-07-17 19:16:28,768 - INFO - Бот начал работу
2025-07-17 19:16:34,751 - INFO - Текущее состояние для chat 865043516: {'face': 'квадратная (square)'}
2025-07-17 19:16:36,560 - INFO - Текущее состояние для chat 865043516: {'face': 'квадратная (square)', 'hair_length': 'короткие (short)'}
2025-07-17 19:16:37,901 - INFO - Остановка бота...
2025-07-17 19:16:56,607 - INFO - Поток бота завершен
2025-07-17 19:16:57,877 - INFO - Приложение закрыто
2025-07-17 19:30:00,773 - INFO - JSON-файл hair.json успешно загружен.
2025-07-17 19:30:02,391 - INFO - Запуск бота...
2025-07-17 19:30:02,391 - INFO - Бот начал работу
2025-07-17 19:30:14,927 - INFO - Текущее состояние для chat 865043516: {'face': 'овальная (oval)'}
2025-07-17 19:30:16,162 - INFO - Текущее состояние для chat 865043516: {'face': 'овальная (oval)', 'hair_length': 'короткие (short)'}
2025-07-17 19:30:18,195 - INFO - Текущее состояние для chat 865043516: {'face': 'овальная (oval)', 'hair_length': 'короткие (short)', 'hair_type': 'волнистые(wavy)'}
2025-07-17 19:30:19,493 - INFO - Текущее состояние для chat 865043516: {'face': 'овальная (oval)', 'hair_length': 'короткие (short)', 'hair_type': 'волнистые(wavy)', 'hair_color': 'светлые (bright)'}
2025-07-17 19:30:19,614 - INFO - Изображение отправлено в чат 865043516: images/imba.png
2025-07-17 19:30:24,875 - INFO - Текущее состояние для chat 865043516: {'face': 'квадратная (square)'}
2025-07-17 19:30:27,725 - INFO - Остановка бота...
2025-07-17 19:30:44,921 - INFO - Поток бота завершен
2025-07-17 19:31:29,974 - INFO - Приложение закрыто
2025-07-17 19:49:19,294 - INFO - JSON-файл hair.json успешно загружен.
2025-07-17 19:49:25,474 - INFO - Запуск бота...
2025-07-17 19:49:25,474 - INFO - Бот начал работу
2025-07-17 19:49:36,947 - INFO - Текущее состояние для chat 865043516: {'face': 'овальная (oval)'}
2025-07-17 19:49:38,989 - INFO - Текущее состояние для chat 865043516: {'face': 'овальная (oval)', 'hair_length': 'длинные (long)'}
2025-07-17 19:49:43,231 - INFO - Текущее состояние для chat 865043516: {'face': 'овальная (oval)', 'hair_length': 'длинные (long)', 'hair_type': 'кудрявые(curly)'}
2025-07-17 19:49:44,741 - INFO - Текущее состояние для chat 865043516: {'face': 'овальная (oval)', 'hair_length': 'длинные (long)', 'hair_type': 'кудрявые(curly)', 'hair_color': 'тёмные (dark)'}
2025-07-17 19:49:44,830 - INFO - Изображение отправлено в чат 865043516: images/imba.png
2025-07-17 19:49:52,072 - INFO - Остановка бота...
2025-07-17 19:50:04,796 - INFO - Поток бота завершен
2025-07-17 19:50:06,742 - INFO - Приложение закрыто
2025-07-17 20:39:40,451 - INFO - JSON-файл hair.json успешно загружен.
2025-07-17 20:39:51,179 - INFO - Запуск бота...
2025-07-17 20:39:51,179 - INFO - Бот начал работу
2025-07-17 20:42:16,846 - INFO - JSON-файл hair.json успешно загружен.
2025-07-17 20:42:28,582 - INFO - Запуск бота...
2025-07-17 20:42:28,582 - INFO - Бот начал работу
2025-07-17 20:42:40,639 - INFO - Текущее состояние для chat 865043516: {'face': 'квадратная (square)'}
2025-07-17 20:42:43,045 - INFO - Текущее состояние для chat 865043516: {'face': 'квадратная (square)', 'hair_length': 'короткие (short)'}
2025-07-17 20:42:43,944 - INFO - Текущее состояние для chat 865043516: {'face': 'квадратная (square)', 'hair_length': 'короткие (short)', 'hair_type': 'волнистые(wavy)'}
2025-07-17 20:42:49,744 - INFO - Остановка бота...
2025-07-17 20:42:51,952 - INFO - Текущее состояние для chat 865043516: {'face': 'квадратная (square)', 'hair_length': 'короткие (short)', 'hair_type': 'волнистые(wavy)', 'hair_color': 'тёмные (dark)'}
2025-07-17 20:42:51,952 - INFO - Поток бота завершен
2025-07-17 20:42:52,024 - INFO - Изображение отправлено в чат 865043516: images/imba.png
2025-07-17 20:42:56,022 - INFO - Приложение закрыто
2025-07-17 20:44:37,276 - INFO - JSON-файл hair.json успешно загружен.
2025-07-17 20:45:49,968 - INFO - Запуск бота...
2025-07-17 20:45:49,968 - INFO - Бот начал работу
2025-07-17 20:45:52,748 - INFO - Остановка бота...
2025-07-17 20:46:26,944 - INFO - Текущее состояние для chat 865043516: {'face': 'круглая (round)'}
2025-07-17 20:46:28,171 - INFO - Текущее состояние для chat 865043516: {'face': 'круглая (round)', 'hair_length': 'короткие (short)'}
2025-07-17 20:46:29,266 - INFO - Текущее состояние для chat 865043516: {'face': 'круглая (round)', 'hair_length': 'короткие (short)', 'hair_type': 'волнистые(wavy)'}
2025-07-17 20:46:30,464 - INFO - Текущее состояние для chat 865043516: {'face': 'круглая (round)', 'hair_length': 'короткие (short)', 'hair_type': 'волнистые(wavy)', 'hair_color': 'тёмные (dark)'}
2025-07-17 20:46:30,843 - INFO - Изображение отправлено в чат 865043516: images/imba.png
2025-07-17 20:46:32,718 - INFO - Текущее состояние для chat 865043516: {'face': 'круглая (round)', 'hair_length': 'короткие (short)', 'hair_type': 'волнистые(wavy)', 'hair_color': 'светлые (bright)'}
2025-07-17 20:46:32,886 - INFO - Изображение отправлено в чат 865043516: images/imba.png
2025-07-17 20:46:34,782 - INFO - Текущее состояние для chat 865043516: {'face': 'круглая (round)', 'hair_length': 'короткие (short)', 'hair_type': 'волнистые(wavy)', 'hair_color': 'тёмные (dark)'}
2025-07-17 20:46:34,868 - INFO - Изображение отправлено в чат 865043516: images/imba.png
2025-07-17 20:46:43,677 - INFO - Останавливаем бота...
2025-07-17 20:46:46,689 - WARNING - Поток не завершился вовремя!
2025-07-17 20:46:46,689 - INFO - Приложение закрыто
2025-07-17 20:48:51,118 - INFO - JSON-файл hair.json успешно загружен.
2025-07-17 20:48:56,296 - INFO - Запуск бота...
2025-07-17 20:48:56,296 - INFO - Бот начал работу
2025-07-17 20:48:57,355 - INFO - Остановка бота...
2025-07-17 20:49:20,873 - INFO - Останавливаем бота...
2025-07-17 20:49:23,887 - WARNING - Поток не завершился вовремя!
2025-07-17 20:49:23,887 - INFO - Приложение закрыто
2025-07-17 20:50:56,383 - INFO - JSON-файл hair.json успешно загружен.
2025-07-17 20:51:09,181 - INFO - Запуск бота...
2025-07-17 20:51:09,181 - INFO - Бот начал работу
2025-07-17 20:51:14,525 - INFO - Остановка бота...
2025-07-17 20:51:40,684 - INFO - Текущее состояние для chat 865043516: {'face': 'овальная (oval)'}
2025-07-17 20:51:43,059 - INFO - Текущее состояние для chat 865043516: {'face': 'овальная (oval)', 'hair_length': 'короткие (short)'}
2025-07-17 20:51:45,294 - INFO - Текущее состояние для chat 865043516: {'face': 'овальная (oval)', 'hair_length': 'короткие (short)', 'hair_type': 'прямые (straight)'}
2025-07-17 20:51:46,819 - INFO - Текущее состояние для chat 865043516: {'face': 'овальная (oval)', 'hair_length': 'короткие (short)', 'hair_type': 'прямые (straight)', 'hair_color': 'тёмные (dark)'}
2025-07-17 20:51:46,898 - INFO - Изображение отправлено в чат 865043516: images/imba.png
2025-07-17 20:52:15,621 - INFO - Останавливаем бота...
2025-07-17 20:52:18,627 - WARNING - Поток не завершился вовремя!
2025-07-17 20:52:18,627 - INFO - Приложение закрыто
2025-07-17 20:52:23,040 - INFO - JSON-файл hair.json успешно загружен.
2025-07-17 20:52:25,840 - INFO - Запуск бота...
2025-07-17 20:52:25,840 - INFO - Бот начал работу
2025-07-17 20:52:34,284 - INFO - Текущее состояние для chat 865043516: {'face': 'ромбовидная (diamond)'}
2025-07-17 20:52:35,364 - INFO - Текущее состояние для chat 865043516: {'face': 'ромбовидная (diamond)', 'hair_length': 'короткие (short)'}
2025-07-17 20:52:36,896 - INFO - Остановка бота...
2025-07-17 20:52:55,410 - INFO - Поток бота завершен
2025-07-17 20:53:11,082 - INFO - Приложение закрыто
2025-07-17 20:53:44,614 - INFO - JSON-файл hair.json успешно загружен.
2025-07-17 20:53:51,858 - INFO - Приложение закрыто
2025-07-17 20:54:12,163 - INFO - JSON-файл hair.json успешно загружен.
2025-07-17 20:54:37,409 - INFO - Приложение закрыто
2025-07-17 20:56:13,414 - INFO - JSON-файл hair.json успешно загружен.
2025-07-17 20:56:24,680 - INFO - Запуск бота...
2025-07-17 20:56:24,680 - INFO - Бот начал работу
2025-07-17 20:56:27,153 - INFO - Остановка бота...
2025-07-17 20:58:02,997 - INFO - Останавливаем бота...
2025-07-17 20:58:05,204 - INFO - Поток бота завершен
2025-07-17 20:58:05,205 - INFO - Приложение закрыто
2025-07-17 21:09:38,624 - INFO - JSON-файл hair.json успешно загружен.
2025-07-17 21:10:03,666 - INFO - Приложение закрыто
2025-07-17 21:10:26,617 - INFO - JSON-файл hair.json успешно загружен.
2025-07-17 21:10:38,471 - INFO - Приложение закрыто
2025-07-17 21:10:56,275 - INFO - JSON-файл hair.json успешно загружен.
2025-07-17 21:10:59,394 - INFO - Приложение закрыто
2025-07-17 21:12:38,960 - INFO - JSON-файл hair.json успешно загружен.
2025-07-17 21:12:43,514 - INFO - Приложение закрыто
2025-07-17 21:15:45,054 - INFO - JSON-файл hair.json успешно загружен.
2025-07-17 21:17:17,060 - INFO - Приложение закрыто
2025-07-17 21:17:19,559 - INFO - JSON-файл hair.json успешно загружен.
2025-07-17 21:18:32,842 - INFO - Приложение закрыто
2025-07-17 21:18:38,115 - INFO - JSON-файл hair.json успешно загружен.
2025-07-17 21:19:31,847 - INFO - Приложение закрыто
2025-07-17 21:20:02,421 - INFO - JSON-файл hair.json успешно загружен.
2025-07-17 21:20:04,573 - INFO - Приложение закрыто
2025-07-17 21:20:24,506 - INFO - JSON-файл hair.json успешно загружен.
2025-07-17 21:21:28,108 - INFO - Приложение закрыто
2025-07-17 21:24:52,115 - INFO - JSON-файл hair.json успешно загружен.
2025-07-17 21:25:05,164 - INFO - Приложение закрыто
2025-07-17 21:37:50,447 - INFO - JSON-файл hair.json успешно загружен.
2025-07-17 21:37:58,156 - INFO - Приложение закрыто
2025-07-17 21:40:47,430 - INFO - JSON-файл hair.json успешно загружен.
2025-07-17 21:40:57,174 - INFO - Приложение закрыто
2025-07-17 21:49:30,690 - INFO - JSON-файл hair.json успешно загружен.
2025-07-17 21:49:32,584 - INFO - Приложение закрыто
2025-07-17 22:06:46,706 - INFO - JSON-файл hair.json успешно загружен.
2025-07-17 22:06:57,757 - INFO - Запуск бота...
2025-07-17 22:06:57,758 - INFO - Бот начал работу
2025-07-17 22:07:04,016 - INFO - Останавливаем бота...
2025-07-17 22:07:07,028 - WARNING - Поток не завершился вовремя!
2025-07-17 22:07:07,028 - INFO - Приложение закрыто
2025-07-17 22:07:25,014 - INFO - JSON-файл hair.json успешно загружен.
2025-07-17 22:07:35,540 - INFO - Приложение закрыто
2025-07-17 22:07:45,650 - INFO - JSON-файл hair.json успешно загружен.
2025-07-17 22:08:46,454 - INFO - Приложение закрыто
2025-07-17 22:19:18,257 - INFO - JSON-файл hair.json успешно загружен.
2025-07-17 22:19:41,971 - INFO - Приложение закрыто
2025-07-17 22:21:04,298 - INFO - JSON-файл hair.json успешно загружен.
2025-07-17 22:21:30,318 - INFO - Запуск бота...
2025-07-17 22:21:30,318 - INFO - Бот начал работу
2025-07-17 22:21:50,606 - INFO - Текущее состояние для chat 865043516: {'face': 'овальная (oval)'}
2025-07-17 22:21:51,942 - INFO - Текущее состояние для chat 865043516: {'face': 'овальная (oval)', 'hair_length': 'короткие (short)'}
2025-07-17 22:21:52,832 - INFO - Текущее состояние для chat 865043516: {'face': 'овальная (oval)', 'hair_length': 'короткие (short)', 'hair_type': 'прямые (straight)'}
2025-07-17 22:21:53,533 - INFO - Текущее состояние для chat 865043516: {'face': 'овальная (oval)', 'hair_length': 'короткие (short)', 'hair_type': 'прямые (straight)', 'hair_color': 'тёмные (dark)'}
2025-07-17 22:21:53,685 - INFO - Изображение отправлено в чат 865043516: images/imba.png
2025-07-17 22:23:04,957 - INFO - Остановка бота...
2025-07-17 22:23:13,723 - INFO - Поток бота завершен
2025-07-17 22:23:56,055 - INFO - Приложение закрыто
2025-07-17 22:23:59,125 - INFO - JSON-файл hair.json успешно загружен.
2025-07-17 22:24:11,071 - INFO - Запуск бота...
2025-07-17 22:24:11,071 - INFO - Бот начал работу
2025-07-17 22:24:13,108 - INFO - Текущее состояние для chat 865043516: {'face': 'квадратная (square)'}
2025-07-17 22:24:13,957 - INFO - Текущее состояние для chat 865043516: {'face': 'квадратная (square)', 'hair_length': 'длинные (long)'}
2025-07-17 22:24:14,695 - INFO - Текущее состояние для chat 865043516: {'face': 'квадратная (square)', 'hair_length': 'длинные (long)', 'hair_type': 'прямые (straight)'}
2025-07-17 22:24:15,773 - INFO - Текущее состояние для chat 865043516: {'face': 'квадратная (square)', 'hair_length': 'длинные (long)', 'hair_type': 'прямые (straight)', 'hair_color': 'тёмные (dark)'}
2025-07-17 22:24:15,891 - INFO - Изображение отправлено в чат 865043516: images/imba.png
2025-07-17 22:26:37,970 - INFO - Остановка бота...
2025-07-17 22:26:56,148 - INFO - Поток бота завершен
2025-07-17 22:26:59,722 - INFO - Приложение закрыто
